<?xml version="1.0" encoding="UTF-8"?>
<!-- Generated by org.testng.reporters.JUnitReportReporter -->
<testsuite skipped="0" hostname="DESKTOP-MOASIIL" name="com.RahulShetty.tests.RahulShettySection1Test" tests="4" failures="0" timestamp="2022-04-14T21:50:43 IST" time="3.767" errors="0">
  <testcase name="autoSuggestion" time="0.141" classname="com.RahulShetty.tests.RahulShettySection1Test"/>
  <system-out/>
  <testcase name="clickChekbox" time="0.269" classname="com.RahulShetty.tests.RahulShettySection1Test"/>
  <system-out/>
  <testcase name="goTORahulShettySection5" time="3.215" classname="com.RahulShetty.tests.RahulShettySection1Test"/>
  <system-out/>
  <testcase name="selectDropdown" time="0.142" classname="com.RahulShetty.tests.RahulShettySection1Test"/>
  <system-out/>
</testsuite> <!-- com.RahulShetty.tests.RahulShettySection1Test -->
