<?xml version="1.0" encoding="UTF-8"?>
<!-- Generated by org.testng.reporters.JUnitReportReporter -->
<testsuite skipped="0" hostname="DESKTOP-MOASIIL" name="com.RahulShetty.tests.RahulShettySection2Test" tests="3" failures="0" timestamp="2022-04-14T21:50:43 IST" time="3.638" errors="0">
  <testcase name="switchTOTabs" time="0.191" classname="com.RahulShetty.tests.RahulShettySection2Test"/>
  <system-out/>
  <testcase name="switchTOAlert" time="0.232" classname="com.RahulShetty.tests.RahulShettySection2Test"/>
  <system-out/>
  <testcase name="switchTOFrame" time="3.215" classname="com.RahulShetty.tests.RahulShettySection2Test"/>
  <system-out/>
</testsuite> <!-- com.RahulShetty.tests.RahulShettySection2Test -->
