<?xml version="1.0" encoding="UTF-8"?>
<!-- Generated by org.testng.reporters.JUnitReportReporter -->
<testsuite skipped="0" hostname="DESKTOP-MOASIIL" name="com.RahulShetty.tests.RahulShettySection4Test" tests="2" failures="0" timestamp="2022-05-07T22:14:21 IST" time="13.713" errors="0">
  <testcase name="GotoMouseHoverReload" time="7.210" classname="com.RahulShetty.tests.RahulShettySection4Test"/>
  <system-out/>
  <testcase name="GotoMouseHoverTop" time="6.503" classname="com.RahulShetty.tests.RahulShettySection4Test"/>
  <system-out/>
</testsuite> <!-- com.RahulShetty.tests.RahulShettySection4Test -->
