<?xml version="1.0" encoding="UTF-8"?>
<!-- Generated by org.testng.reporters.JUnitReportReporter -->
<testsuite skipped="0" hostname="DESKTOP-MOASIIL" name="com.RahulShetty.tests.RahulShettySection1Test" tests="4" failures="0" timestamp="2022-05-07T22:14:21 IST" time="7.764" errors="0">
  <testcase name="selectDropdown" time="0.497" classname="com.RahulShetty.tests.RahulShettySection1Test"/>
  <system-out/>
  <testcase name="clickChekbox" time="1.261" classname="com.RahulShetty.tests.RahulShettySection1Test"/>
  <system-out/>
  <testcase name="autoSuggestion" time="2.530" classname="com.RahulShetty.tests.RahulShettySection1Test"/>
  <system-out/>
  <testcase name="goTORahulShettySection5" time="3.476" classname="com.RahulShetty.tests.RahulShettySection1Test"/>
  <system-out/>
</testsuite> <!-- com.RahulShetty.tests.RahulShettySection1Test -->
