<?xml version="1.0" encoding="UTF-8"?>
<!-- Generated by org.testng.reporters.JUnitReportReporter -->
<testsuite skipped="0" hostname="DESKTOP-MOASIIL" name="com.RahulShetty.tests.RahulShettySection2Test" tests="3" failures="0" timestamp="2022-05-07T22:14:21 IST" time="2.635" errors="0">
  <testcase name="switchTOTabs" time="2.391" classname="com.RahulShetty.tests.RahulShettySection2Test"/>
  <system-out/>
  <testcase name="switchTOAlert" time="0.243" classname="com.RahulShetty.tests.RahulShettySection2Test"/>
  <system-out/>
  <testcase name="switchTOFrame" time="0.001" classname="com.RahulShetty.tests.RahulShettySection2Test"/>
  <system-out/>
</testsuite> <!-- com.RahulShetty.tests.RahulShettySection2Test -->
