<?xml version="1.0" encoding="UTF-8"?>
<!-- Generated by org.testng.reporters.JUnitReportReporter -->
<testsuite skipped="0" hostname="DESKTOP-MOASIIL" name="com.RahulShetty.tests.RahulShettySection6Test" tests="4" failures="0" timestamp="2022-05-07T22:14:21 IST" time="19.392" errors="0">
  <testcase name="checkValidLink" time="16.258" classname="com.RahulShetty.tests.RahulShettySection6Test"/>
  <system-out/>
  <testcase name="getsublinkCount" time="0.195" classname="com.RahulShetty.tests.RahulShettySection6Test"/>
  <system-out/>
  <testcase name="getLinkHeads" time="2.326" classname="com.RahulShetty.tests.RahulShettySection6Test"/>
  <system-out/>
  <testcase name="getLinkheadsAndSublinks" time="0.613" classname="com.RahulShetty.tests.RahulShettySection6Test"/>
  <system-out/>
</testsuite> <!-- com.RahulShetty.tests.RahulShettySection6Test -->
