<?xml version="1.0" encoding="UTF-8"?>
<!-- Generated by org.testng.reporters.JUnitReportReporter -->
<testsuite skipped="0" hostname="DESKTOP-MOASIIL" name="com.RahulShetty.tests.RahulShettySection5Test" tests="1" failures="0" timestamp="2022-05-07T22:14:21 IST" time="3.383" errors="0">
  <testcase name="workingWithIframes" time="3.383" classname="com.RahulShetty.tests.RahulShettySection5Test"/>
  <system-out/>
</testsuite> <!-- com.RahulShetty.tests.RahulShettySection5Test -->
